<?xml version="1.0" encoding="UTF-8"?>
<testng-results ignored="0" total="2" passed="2" failed="0" skipped="0">
  <reporter-output>
  </reporter-output>
  <suite started-at="2022-06-02T07:04:40 IST" name="Suite" finished-at="2022-06-02T07:05:04 IST" duration-ms="23590">
    <groups>
    </groups>
    <test started-at="2022-06-02T07:04:40 IST" name="ChromeTest" finished-at="2022-06-02T07:04:46 IST" duration-ms="6148">
      <class name="TestNg_Practice.CrossBrowserTesting_Example">
        <test-method signature="tittle_test(java.lang.String)[pri:1, instance:TestNg_Practice.CrossBrowserTesting_Example@693fe6c9]" started-at="2022-06-02T07:04:40 IST" name="tittle_test" finished-at="2022-06-02T07:04:46 IST" duration-ms="6064" status="PASS">
          <params>
            <param index="0">
              <value>
                <![CDATA[chrome]]>
              </value>
            </param>
          </params>
          <reporter-output>
          </reporter-output>
        </test-method> <!-- tittle_test -->
      </class> <!-- TestNg_Practice.CrossBrowserTesting_Example -->
    </test> <!-- ChromeTest -->
    <test started-at="2022-06-02T07:04:46 IST" name="EdgeBrowserTest" finished-at="2022-06-02T07:05:04 IST" duration-ms="17414">
      <class name="TestNg_Practice.CrossBrowserTesting_Example">
        <test-method signature="tittle_test(java.lang.String)[pri:1, instance:TestNg_Practice.CrossBrowserTesting_Example@48f278eb]" started-at="2022-06-02T07:04:46 IST" name="tittle_test" finished-at="2022-06-02T07:05:04 IST" duration-ms="17409" status="PASS">
          <params>
            <param index="0">
              <value>
                <![CDATA[edge]]>
              </value>
            </param>
          </params>
          <reporter-output>
          </reporter-output>
        </test-method> <!-- tittle_test -->
      </class> <!-- TestNg_Practice.CrossBrowserTesting_Example -->
    </test> <!-- EdgeBrowserTest -->
  </suite> <!-- Suite -->
</testng-results>
