<?xml version="1.0" encoding="UTF-8"?>
<testng-results ignored="0" total="3" passed="3" failed="0" skipped="0">
  <reporter-output>
  </reporter-output>
  <suite started-at="2022-06-03T07:24:41 IST" name="Default suite" finished-at="2022-06-03T07:25:13 IST" duration-ms="32103">
    <groups>
    </groups>
    <test started-at="2022-06-03T07:24:41 IST" name="Default test" finished-at="2022-06-03T07:25:13 IST" duration-ms="32103">
      <class name="TestNg_Practice.TestNG_DataProvider_Example">
        <test-method is-config="true" signature="browserOpen()[pri:0, instance:TestNg_Practice.TestNG_DataProvider_Example@4efc180e]" started-at="2022-06-03T07:24:41 IST" name="browserOpen" finished-at="2022-06-03T07:24:45 IST" duration-ms="3459" status="PASS">
          <reporter-output>
          </reporter-output>
        </test-method> <!-- browserOpen -->
        <test-method signature="tittle_test(java.lang.String,java.lang.String)[pri:0, instance:TestNg_Practice.TestNG_DataProvider_Example@4efc180e]" started-at="2022-06-03T07:24:45 IST" name="tittle_test" data-provider="testdata" finished-at="2022-06-03T07:25:04 IST" duration-ms="19410" status="PASS">
          <params>
            <param index="0">
              <value>
                <![CDATA[UN1]]>
              </value>
            </param>
            <param index="1">
              <value>
                <![CDATA[PWD1]]>
              </value>
            </param>
          </params>
          <reporter-output>
          </reporter-output>
        </test-method> <!-- tittle_test -->
        <test-method signature="tittle_test(java.lang.String,java.lang.String)[pri:0, instance:TestNg_Practice.TestNG_DataProvider_Example@4efc180e]" started-at="2022-06-03T07:25:04 IST" name="tittle_test" data-provider="testdata" finished-at="2022-06-03T07:25:08 IST" duration-ms="4322" status="PASS">
          <params>
            <param index="0">
              <value>
                <![CDATA[UN2]]>
              </value>
            </param>
            <param index="1">
              <value>
                <![CDATA[PWD2]]>
              </value>
            </param>
          </params>
          <reporter-output>
          </reporter-output>
        </test-method> <!-- tittle_test -->
        <test-method signature="tittle_test(java.lang.String,java.lang.String)[pri:0, instance:TestNg_Practice.TestNG_DataProvider_Example@4efc180e]" started-at="2022-06-03T07:25:08 IST" name="tittle_test" data-provider="testdata" finished-at="2022-06-03T07:25:13 IST" duration-ms="4479" status="PASS">
          <params>
            <param index="0">
              <value>
                <![CDATA[UN3]]>
              </value>
            </param>
            <param index="1">
              <value>
                <![CDATA[PW3]]>
              </value>
            </param>
          </params>
          <reporter-output>
          </reporter-output>
        </test-method> <!-- tittle_test -->
        <test-method is-config="true" signature="closingbrowser()[pri:0, instance:TestNg_Practice.TestNG_DataProvider_Example@4efc180e]" started-at="2022-06-03T07:25:13 IST" name="closingbrowser" finished-at="2022-06-03T07:25:13 IST" duration-ms="360" status="PASS">
          <reporter-output>
          </reporter-output>
        </test-method> <!-- closingbrowser -->
      </class> <!-- TestNg_Practice.TestNG_DataProvider_Example -->
    </test> <!-- Default test -->
  </suite> <!-- Default suite -->
</testng-results>
