<?xml version="1.0" encoding="UTF-8"?>
<!-- Generated by org.testng.reporters.JUnitXMLReporter -->
<testsuite ignored="0" hostname="DESKTOP-COCUANV" failures="0" tests="3" name="Default test" time="32.103" errors="0" timestamp="2022-06-03T07:25:13 IST">
  <testcase classname="TestNg_Practice.TestNG_DataProvider_Example" name="tittle_test" time="19.41"/>
  <testcase classname="TestNg_Practice.TestNG_DataProvider_Example" name="tittle_test" time="4.322"/>
  <testcase classname="TestNg_Practice.TestNG_DataProvider_Example" name="tittle_test" time="4.479"/>
</testsuite> <!-- Default test -->
